2026-05-18 07:44:36,906 - app.core.database - ERROR - Failed to connect to ChromaDB: Could not connect to a Chroma server. Are you sure it is running?
2026-05-18 07:44:37,350 - app.services.memory - WARNING - ChromaDB client not initialized. MemoryService will be inactive.
2026-05-18 07:44:37,655 - app.orchestration.bus - INFO - Subscribed to topic: task.global_status
2026-05-18 07:44:39,949 - app.core.database - ERROR - Failed to connect to ChromaDB: Could not connect to a Chroma server. Are you sure it is running?
2026-05-18 07:44:40,131 - app.services.memory - WARNING - ChromaDB client not initialized. MemoryService will be inactive.
2026-05-18 07:44:40,209 - app.orchestration.bus - INFO - Subscribed to topic: task.global_status
2026-05-18 07:44:40,219 - app.orchestration.bus - INFO - Event Bus started.
2026-05-18 07:44:40,362 - app.orchestration.bus - INFO - Subscribed to topic: agent.supervisor
2026-05-18 07:44:40,363 - app.main - INFO - Cognitive OS Backend initialized successfully.
2026-05-18 07:44:56,617 - watchfiles.main - INFO - 7 changes detected
2026-05-18 07:45:12,314 - watchfiles.main - INFO - 1 change detected
2026-05-18 07:45:30,370 - watchfiles.main - INFO - 1 change detected
2026-05-18 07:45:50,942 - watchfiles.main - INFO - 1 change detected
2026-05-18 07:46:09,348 - watchfiles.main - INFO - 1 change detected
2026-05-18 07:46:28,706 - watchfiles.main - INFO - 1 change detected
2026-05-18 07:46:47,919 - watchfiles.main - INFO - 1 change detected
2026-05-18 07:47:04,971 - watchfiles.main - INFO - 1 change detected
2026-05-18 07:47:23,830 - watchfiles.main - INFO - 1 change detected
2026-05-18 07:47:41,989 - watchfiles.main - INFO - 1 change detected
2026-05-18 07:48:01,357 - watchfiles.main - INFO - 1 change detected
2026-05-18 07:48:19,667 - watchfiles.main - INFO - 1 change detected
2026-05-18 07:48:37,923 - watchfiles.main - INFO - 1 change detected
2026-05-18 07:48:57,535 - watchfiles.main - INFO - 1 change detected
2026-05-18 07:49:15,542 - watchfiles.main - INFO - 1 change detected
2026-05-18 07:49:32,693 - watchfiles.main - INFO - 1 change detected
2026-05-18 07:49:49,469 - watchfiles.main - INFO - 1 change detected
2026-05-18 07:50:04,611 - watchfiles.main - INFO - 1 change detected
2026-05-18 07:50:20,160 - watchfiles.main - INFO - 1 change detected
2026-05-18 07:50:37,762 - watchfiles.main - INFO - 1 change detected
2026-05-18 07:50:54,156 - watchfiles.main - INFO - 1 change detected
2026-05-18 07:51:12,020 - watchfiles.main - INFO - 1 change detected
2026-05-18 07:51:28,736 - watchfiles.main - INFO - 1 change detected
2026-05-18 07:51:45,738 - watchfiles.main - INFO - 1 change detected
2026-05-18 07:52:01,131 - watchfiles.main - INFO - 1 change detected
2026-05-18 07:52:15,976 - watchfiles.main - INFO - 1 change detected
2026-05-18 07:52:32,122 - watchfiles.main - INFO - 1 change detected
2026-05-18 07:52:47,968 - watchfiles.main - INFO - 1 change detected
2026-05-18 07:53:04,313 - watchfiles.main - INFO - 1 change detected
2026-05-18 07:53:20,466 - watchfiles.main - INFO - 1 change detected
2026-05-18 07:53:36,960 - watchfiles.main - INFO - 1 change detected
2026-05-18 07:53:53,309 - watchfiles.main - INFO - 1 change detected
2026-05-18 08:02:05,741 - watchfiles.main - INFO - 1 change detected
2026-05-18 08:02:27,173 - watchfiles.main - INFO - 1 change detected
2026-05-18 08:02:45,186 - watchfiles.main - INFO - 1 change detected
2026-05-18 08:03:02,898 - watchfiles.main - INFO - 1 change detected
2026-05-18 08:03:19,651 - watchfiles.main - INFO - 1 change detected
2026-05-18 08:03:40,276 - watchfiles.main - INFO - 1 change detected
2026-05-18 08:04:00,746 - watchfiles.main - INFO - 1 change detected
2026-05-18 08:04:19,158 - watchfiles.main - INFO - 1 change detected
2026-05-18 08:04:36,626 - watchfiles.main - INFO - 1 change detected
2026-05-18 08:04:53,080 - watchfiles.main - INFO - 1 change detected
2026-05-18 08:05:10,438 - watchfiles.main - INFO - 1 change detected
2026-05-18 08:05:28,849 - watchfiles.main - INFO - 1 change detected
2026-05-18 08:05:44,697 - watchfiles.main - INFO - 1 change detected
2026-05-18 08:06:02,566 - watchfiles.main - INFO - 1 change detected
2026-05-18 08:06:20,119 - watchfiles.main - INFO - 1 change detected
2026-05-18 08:06:36,384 - watchfiles.main - INFO - 1 change detected
2026-05-18 08:06:53,341 - watchfiles.main - INFO - 1 change detected
2026-05-18 08:07:08,338 - watchfiles.main - INFO - 1 change detected
2026-05-18 08:07:22,779 - watchfiles.main - INFO - 1 change detected
2026-05-18 08:07:38,430 - watchfiles.main - INFO - 1 change detected
2026-05-18 08:07:54,579 - watchfiles.main - INFO - 1 change detected
2026-05-18 08:08:10,453 - watchfiles.main - INFO - 1 change detected
2026-05-18 08:08:27,960 - watchfiles.main - INFO - 1 change detected
2026-05-18 08:08:45,565 - watchfiles.main - INFO - 1 change detected
2026-05-18 08:09:02,722 - watchfiles.main - INFO - 1 change detected
2026-05-18 08:09:20,076 - watchfiles.main - INFO - 1 change detected
2026-05-18 08:09:36,229 - watchfiles.main - INFO - 1 change detected
